C51 COMPILER V9.60.7.0   MAIN                                                              03/27/2026 12:49:47 PAGE 1   


C51 COMPILER V9.60.7.0, COMPILATION OF MODULE MAIN
OBJECT MODULE PLACED IN .\Objects\main.obj
COMPILER INVOKED BY: E:\keil5\C51\BIN\C51.EXE main.c OPTIMIZE(8,SPEED) BROWSE DEBUG OBJECTEXTEND PRINT(.\Listings\main.l
                    -st) OBJECT(.\Objects\main.obj)

line level    source

   1          #include <at89c51RC2.h>
   2          #include "Delay.h"
   3          #include "Timer0.h"
   4          
   5          sbit Buzzer=P2^5;
   6          
   7          #define SPEED   923
   8          
   9          #define P   0
  10          #define L1  1
  11          #define L1_ 2
  12          #define L2  3
  13          #define L2_ 4
  14          #define L3  5
  15          #define L4  6
  16          #define L4_ 7
  17          #define L5  8
  18          #define L5_ 9
  19          #define L6  10
  20          #define L6_ 11
  21          #define L7  12
  22          
  23          #define M1  13
  24          #define M1_ 14
  25          #define M2  15
  26          #define M2_ 16
  27          #define M3  17
  28          #define M4  18
  29          #define M4_ 19
  30          #define M5  20
  31          #define M5_ 21
  32          #define M6  22
  33          #define M6_ 23
  34          #define M7  24
  35          
  36          #define H1  25
  37          #define H1_ 26
  38          #define H2  27
  39          #define H2_ 28
  40          #define H3  29
  41          #define H4  30
  42          #define H4_ 31
  43          #define H5  32
  44          #define H5_ 33
  45          #define H6  34
  46          #define H6_ 35
  47          #define H7  36
  48          
  49          
  50          unsigned int FreqTable[]={
  51                  0,
  52                  63777,63872,63969,64054,64140,64216,64291,64360,64426,64489,64547,64603,
  53                  64655,64704,64751,64795,64837,64876,64913,64948,64981,65012,65042,65070,
  54                  65095,65120,65144,65166,65186,65206,65225,65242,65259,65274,65289,65303
C51 COMPILER V9.60.7.0   MAIN                                                              03/27/2026 12:49:47 PAGE 2   

  55          };
  56          
  57          unsigned char code Music[]={/*M5,4+4,M2,4+4,M3,4+4+4+4,M5,4+4,M4,4+4,P,4+4,M1,4+4+4+4+4+4,*/
  58                  M5,4,M5,2+1,M5,1,M5,2,M3,2,M2,2,M2,1,M1,1,M3,4+4+4,P,2,
  59                  M1,2,M5,4,M5,2+1,M1,1,H1,2,M7,1,M6,1,M5,2,M5,1,M6,1,M5,4,M3,2,M4,1,M3,1,M2,4+2,
  60                  L5,2,M5,4,M5,2+1,M5,1,M5,2,M3,2,M2,2,M2,1,M1,1,M3,4+4+2,
  61                  L5,2,M1,1,M2,1,M3,1,M2,2,M1,1,M1,1,L6,1,M1,2,M1,1,M1,1+2,
  62                  L5,2,M1,1,M2,1,M3,1,M2,2,L5,1,M1,2,M5,2,M1,1,M2,1+2,
  63                  L5,2,M1,1,M2,1,M3,1,M2,2,M1,1,M1,1,L6,1,M1,2,M1,1,M1,1+2,
  64                  L5,2,M1,1,M2,1,M3,1,M2,2,L5,1,M1,2,M5,2,M1,1,M2,1+2+1,P,2,
  65                  M1,1,M2,1,M1,1+4+2,M5,2+4,M3,2+4,H1,4+4,M1,2+4,M2,2+4+2,M3,4+4,
  66          0xFF};
  67          
  68          unsigned char FreqSelect,MusicSelect;
  69                  
  70          void main()
  71          {
  72   1              Timer0Init();
  73   1              while(1)
  74   1              {
  75   2                      if(Music[MusicSelect]!=0XFF)
  76   2                      {
  77   3                              FreqSelect=Music[MusicSelect];
  78   3                              MusicSelect++;
  79   3                              Delay(SPEED/4*Music[MusicSelect]);
  80   3                              MusicSelect++;
  81   3                              TR0=0;
  82   3                              Delay(5);
  83   3                              TR0=1;
  84   3                      }
  85   2                      else
  86   2                      {
  87   3                              TR0=0;
  88   3                      }
  89   2                      
  90   2              }
  91   1      }
  92          
  93          void Timer0_Routine() interrupt 1
  94          {
  95   1              if(FreqTable[FreqSelect])
  96   1              {
  97   2                      TL0 = FreqTable[FreqSelect]%256;                //设置定时初值
  98   2                      TH0 = FreqTable[FreqSelect]/256;                //设置定时初值
  99   2                      Buzzer=!Buzzer;
 100   2              }
 101   1      }       


MODULE INFORMATION:   STATIC OVERLAYABLE
   CODE SIZE        =    101    ----
   CONSTANT SIZE    =    175    ----
   XDATA SIZE       =   ----    ----
   PDATA SIZE       =   ----    ----
   DATA SIZE        =     76    ----
   IDATA SIZE       =   ----    ----
   BIT SIZE         =   ----    ----
END OF MODULE INFORMATION.


C51 COMPILATION COMPLETE.  0 WARNING(S),  0 ERROR(S)
