C51 COMPILER V9.60.7.0   MAIN                                                              04/03/2026 20:41:58 PAGE 1   


C51 COMPILER V9.60.7.0, COMPILATION OF MODULE MAIN
OBJECT MODULE PLACED IN .\Objects\main.obj
COMPILER INVOKED BY: E:\keil5\C51\BIN\C51.EXE main.c OPTIMIZE(8,SPEED) BROWSE DEBUG OBJECTEXTEND PRINT(.\Listings\main.l
                    -st) OBJECT(.\Objects\main.obj)

line level    source

   1          #include <at89c51RC2.h>
   2          #include "UART.h"
   3          #include "LCD1602.h"
   4          #include "AT24C02.h"
   5          #include "Delay.h"
   6          
   7          unsigned char Temp,Data;
   8          
   9          void main()
  10          {
  11   1              UART_Init();             //初始化
  12   1              LCD_Init();              //初始化
  13   1              Temp=AT24C02_ReadByte(0);     //读取
  14   1          LCD_ShowNum(1, 1,Temp,3);     //显示
  15   1              UART_SendByte(Temp);
  16   1              while(1)
  17   1              {
  18   2              
  19   2              }
  20   1      }
  21          
  22          void UART_Routine() interrupt 4
  23          {
  24   1              if(RI==1)
  25   1              {               
  26   2                      UART_SendByte(SBUF);      //发送
  27   2                      Data=SBUF;
  28   2                      LCD_ShowNum(1,1,Data,3);
  29   2                      
  30   2                      AT24C02_WriteByte(0,Data);
  31   2              Delay(5); 
  32   2                      RI=0;
  33   2          } 
  34   1      }


MODULE INFORMATION:   STATIC OVERLAYABLE
   CODE SIZE        =    135    ----
   CONSTANT SIZE    =   ----    ----
   XDATA SIZE       =   ----    ----
   PDATA SIZE       =   ----    ----
   DATA SIZE        =      2    ----
   IDATA SIZE       =   ----    ----
   BIT SIZE         =   ----    ----
END OF MODULE INFORMATION.


C51 COMPILATION COMPLETE.  0 WARNING(S),  0 ERROR(S)
